[INFO] Scanning for projects...
[INFO] 
[INFO] ----------------------< com.jobrixa:jobrixa-api >-----------------------
[INFO] Building jobrixa-api 0.0.1-SNAPSHOT
[INFO]   from pom.xml
[INFO] --------------------------------[ jar ]---------------------------------
[INFO] 
[INFO] --- resources:3.3.1:resources (default-resources) @ jobrixa-api ---
[INFO] Copying 2 resources from src\main\resources to target\classes
[INFO] Copying 1 resource from src\main\resources to target\classes
[INFO] 
[INFO] --- compiler:3.14.1:compile (default-compile) @ jobrixa-api ---
[INFO] Recompiling the module because of changed source code.
[INFO] Compiling 27 source files with javac [debug parameters release 17] to target\classes
[INFO] /C:/Users/LENOVO/OneDrive/Desktop/Projects/Jobrixa/jobrixa-backend/src/main/java/com/jobrixa/api/security/JwtAuthFilter.java: C:\Users\LENOVO\OneDrive\Desktop\Projects\Jobrixa\jobrixa-backend\src\main\java\com\jobrixa\api\security\JwtAuthFilter.java uses or overrides a deprecated API.
[INFO] /C:/Users/LENOVO/OneDrive/Desktop/Projects/Jobrixa/jobrixa-backend/src/main/java/com/jobrixa/api/security/JwtAuthFilter.java: Recompile with -Xlint:deprecation for details.
[INFO] 
[INFO] >>> spring-boot:4.0.3:run (default-cli) > test-compile @ jobrixa-api >>>
[INFO] 
[INFO] --- resources:3.3.1:resources (default-resources) @ jobrixa-api ---
[INFO] Copying 2 resources from src\main\resources to target\classes
[INFO] Copying 1 resource from src\main\resources to target\classes
[INFO] 
[INFO] --- compiler:3.14.1:compile (default-compile) @ jobrixa-api ---
[INFO] Nothing to compile - all classes are up to date.
[INFO] 
[INFO] --- resources:3.3.1:testResources (default-testResources) @ jobrixa-api ---
[INFO] skip non existing resourceDirectory C:\Users\LENOVO\OneDrive\Desktop\Projects\Jobrixa\jobrixa-backend\src\test\resources
[INFO] 
[INFO] --- compiler:3.14.1:testCompile (default-testCompile) @ jobrixa-api ---
[INFO] Recompiling the module because of changed dependency.
[INFO] Compiling 1 source file with javac [debug parameters release 17] to target\test-classes
[INFO] 
[INFO] <<< spring-boot:4.0.3:run (default-cli) < test-compile @ jobrixa-api <<<
[INFO] 
[INFO] 
[INFO] --- spring-boot:4.0.3:run (default-cli) @ jobrixa-api ---
[INFO] Attaching agents: []

  .   ____          _            __ _ _
 /\\ / ___'_ __ _ _(_)_ __  __ _ \ \ \ \
( ( )\___ | '_ | '_| | '_ \/ _` | \ \ \ \
 \\/  ___)| |_)| | | | | || (_| |  ) ) ) )
  '  |____| .__|_| |_|_| |_\__, | / / / /
 =========|_|==============|___/=/_/_/_/

 :: Spring Boot ::                (v4.0.3)

2026-03-07T00:07:32.290+05:30  INFO 19396 --- [jobrixa-api] [           main] com.jobrixa.api.JobrixaApiApplication    : Starting JobrixaApiApplication using Java 24.0.1 with PID 19396 (C:\Users\LENOVO\OneDrive\Desktop\Projects\Jobrixa\jobrixa-backend\target\classes started by LENOVO in C:\Users\LENOVO\OneDrive\Desktop\Projects\Jobrixa\jobrixa-backend)
2026-03-07T00:07:32.294+05:30  INFO 19396 --- [jobrixa-api] [           main] com.jobrixa.api.JobrixaApiApplication    : No active profile set, falling back to 1 default profile: "default"
2026-03-07T00:07:33.418+05:30  INFO 19396 --- [jobrixa-api] [           main] .s.d.r.c.RepositoryConfigurationDelegate : Bootstrapping Spring Data JPA repositories in DEFAULT mode.
2026-03-07T00:07:33.510+05:30  INFO 19396 --- [jobrixa-api] [           main] .s.d.r.c.RepositoryConfigurationDelegate : Finished Spring Data repository scanning in 76 ms. Found 4 JPA repository interfaces.
2026-03-07T00:07:35.077+05:30  INFO 19396 --- [jobrixa-api] [           main] o.s.boot.tomcat.TomcatWebServer          : Tomcat initialized with port 8080 (http)
2026-03-07T00:07:35.122+05:30  INFO 19396 --- [jobrixa-api] [           main] o.apache.catalina.core.StandardService   : Starting service [Tomcat]
2026-03-07T00:07:35.122+05:30  INFO 19396 --- [jobrixa-api] [           main] o.apache.catalina.core.StandardEngine    : Starting Servlet engine: [Apache Tomcat/11.0.18]
2026-03-07T00:07:35.316+05:30  INFO 19396 --- [jobrixa-api] [           main] b.w.c.s.WebApplicationContextInitializer : Root WebApplicationContext: initialization completed in 2950 ms
2026-03-07T00:07:35.826+05:30  INFO 19396 --- [jobrixa-api] [           main] org.hibernate.orm.jpa                    : HHH008540: Processing PersistenceUnitInfo [name: default]
2026-03-07T00:07:36.005+05:30  INFO 19396 --- [jobrixa-api] [           main] org.hibernate.orm.core                   : HHH000001: Hibernate ORM core version 7.2.4.Final
2026-03-07T00:07:37.827+05:30  INFO 19396 --- [jobrixa-api] [           main] o.s.o.j.p.SpringPersistenceUnitInfo      : No LoadTimeWeaver setup: ignoring JPA class transformer
2026-03-07T00:07:37.939+05:30  INFO 19396 --- [jobrixa-api] [           main] com.zaxxer.hikari.HikariDataSource       : HikariPool-1 - Starting...
2026-03-07T00:07:38.547+05:30  INFO 19396 --- [jobrixa-api] [           main] com.zaxxer.hikari.pool.HikariPool        : HikariPool-1 - Added connection conn0: url=jdbc:h2:mem:jobrixa user=SA
2026-03-07T00:07:38.556+05:30  INFO 19396 --- [jobrixa-api] [           main] com.zaxxer.hikari.HikariDataSource       : HikariPool-1 - Start completed.
2026-03-07T00:07:38.632+05:30  WARN 19396 --- [jobrixa-api] [           main] org.hibernate.orm.deprecation            : HHH90000025: H2Dialect does not need to be specified explicitly using 'hibernate.dialect' (remove the property setting and it will be selected by default)
2026-03-07T00:07:38.755+05:30  INFO 19396 --- [jobrixa-api] [           main] org.hibernate.orm.connections.pooling    : HHH10001005: Database info:
	Database JDBC URL [jdbc:h2:mem:jobrixa]
	Database driver: H2 JDBC Driver
	Database dialect: H2Dialect
	Database version: 2.4.240
	Default catalog/schema: jobrixa/public
	Autocommit mode: undefined/unknown
	Isolation level: READ_COMMITTED [default READ_COMMITTED]
	JDBC fetch size: 100
	Pool: DataSourceConnectionProvider
	Minimum pool size: undefined/unknown
	Maximum pool size: undefined/unknown
2026-03-07T00:07:42.836+05:30  INFO 19396 --- [jobrixa-api] [           main] org.hibernate.orm.core                   : HHH000489: No JTA platform available (set 'hibernate.transaction.jta.platform' to enable JTA platform integration)
Hibernate: 
    create table application_events (
        id uuid not null,
        created_at timestamp(6),
        description TEXT not null,
        event_type varchar(50),
        new_value varchar(100),
        old_value varchar(100),
        application_id uuid not null,
        primary key (id)
    )
Hibernate: 
    create table companies (
        id uuid not null,
        domain varchar(255),
        industry varchar(100),
        linkedin_url varchar(500),
        logo_url varchar(500),
        name varchar(255) not null,
        trust_last_checked timestamp(6),
        trust_score smallint,
        primary key (id)
    )
Hibernate: 
    create table interview_stages (
        id uuid not null,
        created_at timestamp(6),
        duration_minutes integer,
        notes TEXT,
        questions_asked TEXT,
        result varchar(50),
        scheduled_at timestamp(6),
        stage_name varchar(100) not null,
        application_id uuid not null,
        primary key (id)
    )
Hibernate: 
    create table job_applications (
        id uuid not null,
        applied_at date,
        bond_details TEXT,
        company_name varchar(255) not null,
        created_at timestamp(6),
        has_bond_warning boolean not null,
        has_payment_warning boolean not null,
        is_remote boolean not null,
        job_description TEXT,
        job_title varchar(255) not null,
        job_url varchar(1000),
        location varchar(200),
        next_action_date date,
        priority varchar(20),
        salary_max integer,
        salary_min integer,
        source varchar(50),
        status varchar(50) not null,
        tags TEXT,
        trust_score smallint,
        updated_at timestamp(6),
        company_id uuid,
        resume_id uuid,
        user_id uuid not null,
        primary key (id)
    )
Hibernate: 
    create table notifications (
        id uuid not null,
        created_at timestamp(6),
        is_read boolean not null,
        message TEXT not null,
        scheduled_for timestamp(6),
        title varchar(255) not null,
        type varchar(50),
        application_id uuid,
        user_id uuid not null,
        primary key (id)
    )
Hibernate: 
    create table resumes (
        id uuid not null,
        created_at timestamp(6),
        file_url varchar(500) not null,
        label varchar(255) not null,
        version varchar(50),
        user_id uuid not null,
        primary key (id)
    )
Hibernate: 
    create table users (
        id uuid not null,
        avatar_url varchar(500),
        college varchar(200),
        created_at timestamp(6),
        email varchar(255) not null,
        gmail_connected boolean,
        graduation_year smallint,
        is_campus_mode boolean,
        is_email_verified boolean,
        linkedin_url varchar(500),
        name varchar(100) not null,
        password_hash varchar(255),
        target_ctc_max integer,
        target_ctc_min integer,
        updated_at timestamp(6),
        primary key (id)
    )
Hibernate: 
    alter table if exists companies 
       drop constraint if exists UK1w1wf2w8iqt26e4dpx1p3kep2
Hibernate: 
    alter table if exists companies 
       add constraint UK1w1wf2w8iqt26e4dpx1p3kep2 unique (domain)
Hibernate: 
    alter table if exists users 
       drop constraint if exists UK6dotkott2kjsp8vw4d0m25fb7
Hibernate: 
    alter table if exists users 
       add constraint UK6dotkott2kjsp8vw4d0m25fb7 unique (email)
Hibernate: 
    alter table if exists application_events 
       add constraint FK1fuxmfo1gbw3ij1kkilfvalls 
       foreign key (application_id) 
       references job_applications 
       on delete cascade
Hibernate: 
    alter table if exists interview_stages 
       add constraint FKji1o9f0flkaw7strm6tfrldf5 
       foreign key (application_id) 
       references job_applications
Hibernate: 
    alter table if exists job_applications 
       add constraint FK9na8akp78w38mkoolybi83fui 
       foreign key (company_id) 
       references companies
Hibernate: 
    alter table if exists job_applications 
       add constraint FKk4viovdwx74ekora09ddcu3h2 
       foreign key (resume_id) 
       references resumes
Hibernate: 
    alter table if exists job_applications 
       add constraint FKqs2guhg7p83917vto86imuthy 
       foreign key (user_id) 
       references users
Hibernate: 
    alter table if exists notifications 
       add constraint FKiovcuw8y2y6um9wgenvl9hav3 
       foreign key (application_id) 
       references job_applications
Hibernate: 
    alter table if exists notifications 
       add constraint FK9y21adhxn0ayjhfocscqox7bh 
       foreign key (user_id) 
       references users
Hibernate: 
    alter table if exists resumes 
       add constraint FK340nuaivxiy99hslr3sdydfvv 
       foreign key (user_id) 
       references users
2026-03-07T00:07:43.192+05:30  INFO 19396 --- [jobrixa-api] [           main] j.LocalContainerEntityManagerFactoryBean : Initialized JPA EntityManagerFactory for persistence unit 'default'
2026-03-07T00:07:43.428+05:30  INFO 19396 --- [jobrixa-api] [           main] o.s.d.j.r.query.QueryEnhancerFactories   : Hibernate is in classpath; If applicable, HQL parser will be used.
2026-03-07T00:07:44.281+05:30  INFO 19396 --- [jobrixa-api] [           main] eAuthenticationProviderManagerConfigurer : Global AuthenticationManager configured with AuthenticationProvider bean with name authenticationProvider
2026-03-07T00:07:44.286+05:30  WARN 19396 --- [jobrixa-api] [           main] r$InitializeUserDetailsManagerConfigurer : Global AuthenticationManager configured with an AuthenticationProvider bean. UserDetailsService beans will not be used by Spring Security for automatically configuring username/password login. Consider removing the AuthenticationProvider bean. Alternatively, consider using the UserDetailsService in a manually instantiated DaoAuthenticationProvider. If the current configuration is intentional, to turn off this warning, increase the logging level of 'org.springframework.security.config.annotation.authentication.configuration.InitializeUserDetailsBeanManagerConfigurer' to ERROR
2026-03-07T00:07:46.260+05:30  INFO 19396 --- [jobrixa-api] [           main] o.s.boot.tomcat.TomcatWebServer          : Tomcat started on port 8080 (http) with context path '/'
2026-03-07T00:07:46.276+05:30  INFO 19396 --- [jobrixa-api] [           main] com.jobrixa.api.JobrixaApiApplication    : Started JobrixaApiApplication in 14.661 seconds (process running for 15.428)
2026-03-07T00:08:49.876+05:30  INFO 19396 --- [jobrixa-api] [nio-8080-exec-1] o.a.c.c.C.[Tomcat].[localhost].[/]       : Initializing Spring DispatcherServlet 'dispatcherServlet'
2026-03-07T00:08:49.877+05:30  INFO 19396 --- [jobrixa-api] [nio-8080-exec-1] o.s.web.servlet.DispatcherServlet        : Initializing Servlet 'dispatcherServlet'
2026-03-07T00:08:49.879+05:30  INFO 19396 --- [jobrixa-api] [nio-8080-exec-1] o.s.web.servlet.DispatcherServlet        : Completed initialization in 2 ms
2026-03-07T00:08:49.921+05:30  WARN 19396 --- [jobrixa-api] [nio-8080-exec-1] o.s.w.s.h.HandlerMappingIntrospector     : Cache miss for REQUEST dispatch to '/api/v1/auth/register' (previous null). Performing CorsConfiguration lookup. This is logged once only at WARN level, and every time at TRACE.
Hibernate: 
    insert 
    into
        users
        (avatar_url, college, created_at, email, gmail_connected, graduation_year, is_campus_mode, is_email_verified, linkedin_url, name, password_hash, target_ctc_max, target_ctc_min, updated_at, id) 
    values
        (?, ?, ?, ?, ?, ?, ?, ?, ?, ?, ?, ?, ?, ?, ?)
Hibernate: 
    select
        u1_0.id,
        u1_0.avatar_url,
        u1_0.college,
        u1_0.created_at,
        u1_0.email,
        u1_0.gmail_connected,
        u1_0.graduation_year,
        u1_0.is_campus_mode,
        u1_0.is_email_verified,
        u1_0.linkedin_url,
        u1_0.name,
        u1_0.password_hash,
        u1_0.target_ctc_max,
        u1_0.target_ctc_min,
        u1_0.updated_at 
    from
        users u1_0 
    where
        u1_0.email=?
Hibernate: 
    select
        u1_0.id,
        u1_0.avatar_url,
        u1_0.college,
        u1_0.created_at,
        u1_0.email,
        u1_0.gmail_connected,
        u1_0.graduation_year,
        u1_0.is_campus_mode,
        u1_0.is_email_verified,
        u1_0.linkedin_url,
        u1_0.name,
        u1_0.password_hash,
        u1_0.target_ctc_max,
        u1_0.target_ctc_min,
        u1_0.updated_at 
    from
        users u1_0 
    where
        u1_0.id=?
Hibernate: 
    select
        c1_0.id,
        c1_0.domain,
        c1_0.industry,
        c1_0.linkedin_url,
        c1_0.logo_url,
        c1_0.name,
        c1_0.trust_last_checked,
        c1_0.trust_score 
    from
        companies c1_0 
    where
        upper(c1_0.name)=upper(?)
Hibernate: 
    insert 
    into
        companies
        (domain, industry, linkedin_url, logo_url, name, trust_last_checked, trust_score, id) 
    values
        (?, ?, ?, ?, ?, ?, ?, ?)
Hibernate: 
    insert 
    into
        job_applications
        (applied_at, bond_details, company_id, company_name, created_at, has_bond_warning, has_payment_warning, is_remote, job_description, job_title, job_url, location, next_action_date, priority, resume_id, salary_max, salary_min, source, status, tags, trust_score, updated_at, user_id, id) 
    values
        (?, ?, ?, ?, ?, ?, ?, ?, ?, ?, ?, ?, ?, ?, ?, ?, ?, ?, ?, ?, ?, ?, ?, ?)
Hibernate: 
    insert 
    into
        application_events
        (application_id, created_at, description, event_type, new_value, old_value, id) 
    values
        (?, ?, ?, ?, ?, ?, ?)
Hibernate: 
    select
        u1_0.id,
        u1_0.avatar_url,
        u1_0.college,
        u1_0.created_at,
        u1_0.email,
        u1_0.gmail_connected,
        u1_0.graduation_year,
        u1_0.is_campus_mode,
        u1_0.is_email_verified,
        u1_0.linkedin_url,
        u1_0.name,
        u1_0.password_hash,
        u1_0.target_ctc_max,
        u1_0.target_ctc_min,
        u1_0.updated_at 
    from
        users u1_0 
    where
        u1_0.email=?
Hibernate: 
    select
        ja1_0.id,
        ja1_0.applied_at,
        ja1_0.bond_details,
        ja1_0.company_id,
        ja1_0.company_name,
        ja1_0.created_at,
        ja1_0.has_bond_warning,
        ja1_0.has_payment_warning,
        ja1_0.is_remote,
        ja1_0.job_description,
        ja1_0.job_title,
        ja1_0.job_url,
        ja1_0.location,
        ja1_0.next_action_date,
        ja1_0.priority,
        ja1_0.resume_id,
        ja1_0.salary_max,
        ja1_0.salary_min,
        ja1_0.source,
        ja1_0.status,
        ja1_0.tags,
        ja1_0.trust_score,
        ja1_0.updated_at,
        ja1_0.user_id 
    from
        job_applications ja1_0 
    where
        ja1_0.user_id=?
Hibernate: 
    select
        u1_0.id,
        u1_0.avatar_url,
        u1_0.college,
        u1_0.created_at,
        u1_0.email,
        u1_0.gmail_connected,
        u1_0.graduation_year,
        u1_0.is_campus_mode,
        u1_0.is_email_verified,
        u1_0.linkedin_url,
        u1_0.name,
        u1_0.password_hash,
        u1_0.target_ctc_max,
        u1_0.target_ctc_min,
        u1_0.updated_at 
    from
        users u1_0 
    where
        u1_0.email=?
Hibernate: 
    select
        ja1_0.id,
        ja1_0.applied_at,
        ja1_0.bond_details,
        ja1_0.company_id,
        ja1_0.company_name,
        ja1_0.created_at,
        ja1_0.has_bond_warning,
        ja1_0.has_payment_warning,
        ja1_0.is_remote,
        ja1_0.job_description,
        ja1_0.job_title,
        ja1_0.job_url,
        ja1_0.location,
        ja1_0.next_action_date,
        ja1_0.priority,
        ja1_0.resume_id,
        ja1_0.salary_max,
        ja1_0.salary_min,
        ja1_0.source,
        ja1_0.status,
        ja1_0.tags,
        ja1_0.trust_score,
        ja1_0.updated_at,
        ja1_0.user_id 
    from
        job_applications ja1_0 
    where
        ja1_0.id=?
Hibernate: 
    insert 
    into
        application_events
        (application_id, created_at, description, event_type, new_value, old_value, id) 
    values
        (?, ?, ?, ?, ?, ?, ?)
Hibernate: 
    update
        job_applications 
    set
        applied_at=?,
        bond_details=?,
        company_id=?,
        company_name=?,
        has_bond_warning=?,
        has_payment_warning=?,
        is_remote=?,
        job_description=?,
        job_title=?,
        job_url=?,
        location=?,
        next_action_date=?,
        priority=?,
        resume_id=?,
        salary_max=?,
        salary_min=?,
        source=?,
        status=?,
        tags=?,
        trust_score=?,
        updated_at=?,
        user_id=? 
    where
        id=?
Hibernate: 
    select
        u1_0.id,
        u1_0.avatar_url,
        u1_0.college,
        u1_0.created_at,
        u1_0.email,
        u1_0.gmail_connected,
        u1_0.graduation_year,
        u1_0.is_campus_mode,
        u1_0.is_email_verified,
        u1_0.linkedin_url,
        u1_0.name,
        u1_0.password_hash,
        u1_0.target_ctc_max,
        u1_0.target_ctc_min,
        u1_0.updated_at 
    from
        users u1_0 
    where
        u1_0.email=?
Hibernate: 
    select
        ja1_0.id,
        ja1_0.applied_at,
        ja1_0.bond_details,
        ja1_0.company_id,
        ja1_0.company_name,
        ja1_0.created_at,
        ja1_0.has_bond_warning,
        ja1_0.has_payment_warning,
        ja1_0.is_remote,
        ja1_0.job_description,
        ja1_0.job_title,
        ja1_0.job_url,
        ja1_0.location,
        ja1_0.next_action_date,
        ja1_0.priority,
        ja1_0.resume_id,
        ja1_0.salary_max,
        ja1_0.salary_min,
        ja1_0.source,
        ja1_0.status,
        ja1_0.tags,
        ja1_0.trust_score,
        ja1_0.updated_at,
        ja1_0.user_id 
    from
        job_applications ja1_0 
    where
        ja1_0.id=?
Hibernate: 
    select
        c1_0.id,
        c1_0.domain,
        c1_0.industry,
        c1_0.linkedin_url,
        c1_0.logo_url,
        c1_0.name,
        c1_0.trust_last_checked,
        c1_0.trust_score 
    from
        companies c1_0 
    where
        c1_0.id=?
Hibernate: 
    insert 
    into
        application_events
        (application_id, created_at, description, event_type, new_value, old_value, id) 
    values
        (?, ?, ?, ?, ?, ?, ?)
Hibernate: 
    update
        job_applications 
    set
        applied_at=?,
        bond_details=?,
        company_id=?,
        company_name=?,
        has_bond_warning=?,
        has_payment_warning=?,
        is_remote=?,
        job_description=?,
        job_title=?,
        job_url=?,
        location=?,
        next_action_date=?,
        priority=?,
        resume_id=?,
        salary_max=?,
        salary_min=?,
        source=?,
        status=?,
        tags=?,
        trust_score=?,
        updated_at=?,
        user_id=? 
    where
        id=?
Hibernate: 
    select
        u1_0.id,
        u1_0.avatar_url,
        u1_0.college,
        u1_0.created_at,
        u1_0.email,
        u1_0.gmail_connected,
        u1_0.graduation_year,
        u1_0.is_campus_mode,
        u1_0.is_email_verified,
        u1_0.linkedin_url,
        u1_0.name,
        u1_0.password_hash,
        u1_0.target_ctc_max,
        u1_0.target_ctc_min,
        u1_0.updated_at 
    from
        users u1_0 
    where
        u1_0.email=?
Hibernate: 
    select
        ja1_0.id,
        ja1_0.applied_at,
        ja1_0.bond_details,
        ja1_0.company_id,
        ja1_0.company_name,
        ja1_0.created_at,
        ja1_0.has_bond_warning,
        ja1_0.has_payment_warning,
        ja1_0.is_remote,
        ja1_0.job_description,
        ja1_0.job_title,
        ja1_0.job_url,
        ja1_0.location,
        ja1_0.next_action_date,
        ja1_0.priority,
        ja1_0.resume_id,
        ja1_0.salary_max,
        ja1_0.salary_min,
        ja1_0.source,
        ja1_0.status,
        ja1_0.tags,
        ja1_0.trust_score,
        ja1_0.updated_at,
        ja1_0.user_id 
    from
        job_applications ja1_0 
    where
        ja1_0.user_id=?
Hibernate: 
    select
        u1_0.id,
        u1_0.avatar_url,
        u1_0.college,
        u1_0.created_at,
        u1_0.email,
        u1_0.gmail_connected,
        u1_0.graduation_year,
        u1_0.is_campus_mode,
        u1_0.is_email_verified,
        u1_0.linkedin_url,
        u1_0.name,
        u1_0.password_hash,
        u1_0.target_ctc_max,
        u1_0.target_ctc_min,
        u1_0.updated_at 
    from
        users u1_0 
    where
        u1_0.email=?
Hibernate: 
    select
        ja1_0.id,
        ja1_0.applied_at,
        ja1_0.bond_details,
        ja1_0.company_id,
        ja1_0.company_name,
        ja1_0.created_at,
        ja1_0.has_bond_warning,
        ja1_0.has_payment_warning,
        ja1_0.is_remote,
        ja1_0.job_description,
        ja1_0.job_title,
        ja1_0.job_url,
        ja1_0.location,
        ja1_0.next_action_date,
        ja1_0.priority,
        ja1_0.resume_id,
        ja1_0.salary_max,
        ja1_0.salary_min,
        ja1_0.source,
        ja1_0.status,
        ja1_0.tags,
        ja1_0.trust_score,
        ja1_0.updated_at,
        ja1_0.user_id 
    from
        job_applications ja1_0 
    where
        ja1_0.id=?
Hibernate: 
    delete 
    from
        job_applications 
    where
        id=?
