[INFO] Scanning for projects...
[INFO] 
[INFO] ----------------------< com.jobrixa:jobrixa-api >-----------------------
[INFO] Building jobrixa-api 0.0.1-SNAPSHOT
[INFO]   from pom.xml
[INFO] --------------------------------[ jar ]---------------------------------
[INFO] 
[INFO] --- resources:3.3.1:resources (default-resources) @ jobrixa-api ---
[INFO] Copying 2 resources from src\main\resources to target\classes
[INFO] Copying 1 resource from src\main\resources to target\classes
[INFO] 
[INFO] --- compiler:3.14.1:compile (default-compile) @ jobrixa-api ---
[INFO] Nothing to compile - all classes are up to date.
[INFO] 
[INFO] >>> spring-boot:4.0.3:run (default-cli) > test-compile @ jobrixa-api >>>
[INFO] 
[INFO] --- resources:3.3.1:resources (default-resources) @ jobrixa-api ---
[INFO] Copying 2 resources from src\main\resources to target\classes
[INFO] Copying 1 resource from src\main\resources to target\classes
[INFO] 
[INFO] --- compiler:3.14.1:compile (default-compile) @ jobrixa-api ---
[INFO] Nothing to compile - all classes are up to date.
[INFO] 
[INFO] --- resources:3.3.1:testResources (default-testResources) @ jobrixa-api ---
[INFO] skip non existing resourceDirectory C:\Users\LENOVO\OneDrive\Desktop\Projects\Jobrixa\jobrixa-backend\src\test\resources
[INFO] 
[INFO] --- compiler:3.14.1:testCompile (default-testCompile) @ jobrixa-api ---
[INFO] Nothing to compile - all classes are up to date.
[INFO] 
[INFO] <<< spring-boot:4.0.3:run (default-cli) < test-compile @ jobrixa-api <<<
[INFO] 
[INFO] 
[INFO] --- spring-boot:4.0.3:run (default-cli) @ jobrixa-api ---
[INFO] Attaching agents: []

  .   ____          _            __ _ _
 /\\ / ___'_ __ _ _(_)_ __  __ _ \ \ \ \
( ( )\___ | '_ | '_| | '_ \/ _` | \ \ \ \
 \\/  ___)| |_)| | | | | || (_| |  ) ) ) )
  '  |____| .__|_| |_|_| |_\__, | / / / /
 =========|_|==============|___/=/_/_/_/

 :: Spring Boot ::                (v4.0.3)

2026-03-07T00:17:40.634+05:30  INFO 624 --- [jobrixa-api] [           main] com.jobrixa.api.JobrixaApiApplication    : Starting JobrixaApiApplication using Java 24.0.1 with PID 624 (C:\Users\LENOVO\OneDrive\Desktop\Projects\Jobrixa\jobrixa-backend\target\classes started by LENOVO in C:\Users\LENOVO\OneDrive\Desktop\Projects\Jobrixa\jobrixa-backend)
2026-03-07T00:17:40.640+05:30  INFO 624 --- [jobrixa-api] [           main] com.jobrixa.api.JobrixaApiApplication    : No active profile set, falling back to 1 default profile: "default"
2026-03-07T00:17:41.870+05:30  INFO 624 --- [jobrixa-api] [           main] .s.d.r.c.RepositoryConfigurationDelegate : Bootstrapping Spring Data JPA repositories in DEFAULT mode.
2026-03-07T00:17:41.915+05:30  INFO 624 --- [jobrixa-api] [           main] .s.d.r.c.RepositoryConfigurationDelegate : Finished Spring Data repository scanning in 25 ms. Found 0 JPA repository interfaces.
2026-03-07T00:17:42.148+05:30  WARN 624 --- [jobrixa-api] [           main] ConfigServletWebServerApplicationContext : Exception encountered during context initialization - cancelling refresh attempt: org.springframework.beans.factory.BeanDefinitionStoreException: Could not enhance configuration class [com.jobrixa.api.config.AuthConfig]. Consider declaring @Configuration(proxyBeanMethods=false) without inter-bean references between @Bean methods on the configuration class, avoiding the need for CGLIB enhancement.
2026-03-07T00:17:42.157+05:30  INFO 624 --- [jobrixa-api] [           main] .s.b.a.l.ConditionEvaluationReportLogger : 

Error starting ApplicationContext. To display the condition evaluation report re-run your application with 'debug' enabled.
2026-03-07T00:17:42.179+05:30 ERROR 624 --- [jobrixa-api] [           main] o.s.boot.SpringApplication               : Application run failed

org.springframework.beans.factory.BeanDefinitionStoreException: Could not enhance configuration class [com.jobrixa.api.config.AuthConfig]. Consider declaring @Configuration(proxyBeanMethods=false) without inter-bean references between @Bean methods on the configuration class, avoiding the need for CGLIB enhancement.
	at org.springframework.context.annotation.ConfigurationClassEnhancer.enhance(ConfigurationClassEnhancer.java:136) ~[spring-context-7.0.5.jar:7.0.5]
	at org.springframework.context.annotation.ConfigurationClassPostProcessor.enhanceConfigurationClasses(ConfigurationClassPostProcessor.java:570) ~[spring-context-7.0.5.jar:7.0.5]
	at org.springframework.context.annotation.ConfigurationClassPostProcessor.postProcessBeanFactory(ConfigurationClassPostProcessor.java:331) ~[spring-context-7.0.5.jar:7.0.5]
	at org.springframework.context.support.PostProcessorRegistrationDelegate.invokeBeanFactoryPostProcessors(PostProcessorRegistrationDelegate.java:363) ~[spring-context-7.0.5.jar:7.0.5]
	at org.springframework.context.support.PostProcessorRegistrationDelegate.invokeBeanFactoryPostProcessors(PostProcessorRegistrationDelegate.java:153) ~[spring-context-7.0.5.jar:7.0.5]
	at org.springframework.context.support.AbstractApplicationContext.invokeBeanFactoryPostProcessors(AbstractApplicationContext.java:795) ~[spring-context-7.0.5.jar:7.0.5]
	at org.springframework.context.support.AbstractApplicationContext.refresh(AbstractApplicationContext.java:603) ~[spring-context-7.0.5.jar:7.0.5]
	at org.springframework.boot.web.server.servlet.context.ServletWebServerApplicationContext.refresh(ServletWebServerApplicationContext.java:143) ~[spring-boot-web-server-4.0.3.jar:4.0.3]
	at org.springframework.boot.SpringApplication.refresh(SpringApplication.java:756) ~[spring-boot-4.0.3.jar:4.0.3]
	at org.springframework.boot.SpringApplication.refreshContext(SpringApplication.java:445) ~[spring-boot-4.0.3.jar:4.0.3]
	at org.springframework.boot.SpringApplication.run(SpringApplication.java:321) ~[spring-boot-4.0.3.jar:4.0.3]
	at org.springframework.boot.SpringApplication.run(SpringApplication.java:1365) ~[spring-boot-4.0.3.jar:4.0.3]
	at org.springframework.boot.SpringApplication.run(SpringApplication.java:1354) ~[spring-boot-4.0.3.jar:4.0.3]
	at com.jobrixa.api.JobrixaApiApplication.main(JobrixaApiApplication.java:10) ~[classes/:na]
Caused by: org.springframework.cglib.core.CodeGenerationException: java.lang.IllegalStateException-->Unable to load cache item
	at org.springframework.context.annotation.ConfigurationClassEnhancer.createClass(ConfigurationClassEnhancer.java:202) ~[spring-context-7.0.5.jar:7.0.5]
	at org.springframework.context.annotation.ConfigurationClassEnhancer.enhance(ConfigurationClassEnhancer.java:128) ~[spring-context-7.0.5.jar:7.0.5]
	... 13 common frames omitted
Caused by: java.lang.IllegalStateException: Unable to load cache item
	at org.springframework.cglib.core.internal.LoadingCache.createEntry(LoadingCache.java:75) ~[spring-core-7.0.5.jar:7.0.5]
	at org.springframework.cglib.core.internal.LoadingCache.get(LoadingCache.java:34) ~[spring-core-7.0.5.jar:7.0.5]
	at org.springframework.cglib.core.AbstractClassGenerator$ClassLoaderData.get(AbstractClassGenerator.java:129) ~[spring-core-7.0.5.jar:7.0.5]
	at org.springframework.cglib.core.AbstractClassGenerator.create(AbstractClassGenerator.java:321) ~[spring-core-7.0.5.jar:7.0.5]
	at org.springframework.cglib.proxy.Enhancer.createHelper(Enhancer.java:562) ~[spring-core-7.0.5.jar:7.0.5]
	at org.springframework.cglib.proxy.Enhancer.createClass(Enhancer.java:407) ~[spring-core-7.0.5.jar:7.0.5]
	at org.springframework.context.annotation.ConfigurationClassEnhancer.createClass(ConfigurationClassEnhancer.java:198) ~[spring-context-7.0.5.jar:7.0.5]
	... 14 common frames omitted
Caused by: java.lang.NoClassDefFoundError: com/jobrixa/api/repository/UserRepository
	at java.base/java.lang.Class.getDeclaredConstructors0(Native Method) ~[na:na]
	at java.base/java.lang.Class.privateGetDeclaredConstructors(Class.java:3006) ~[na:na]
	at java.base/java.lang.Class.getDeclaredConstructors(Class.java:2356) ~[na:na]
	at org.springframework.cglib.proxy.Enhancer.generateClass(Enhancer.java:655) ~[spring-core-7.0.5.jar:7.0.5]
	at org.springframework.cglib.transform.TransformingClassGenerator.generateClass(TransformingClassGenerator.java:35) ~[spring-core-7.0.5.jar:7.0.5]
	at org.springframework.cglib.core.DefaultGeneratorStrategy.generate(DefaultGeneratorStrategy.java:26) ~[spring-core-7.0.5.jar:7.0.5]
	at org.springframework.cglib.core.ClassLoaderAwareGeneratorStrategy.lambda$new$0(ClassLoaderAwareGeneratorStrategy.java:41) ~[spring-core-7.0.5.jar:7.0.5]
	at org.springframework.cglib.core.ClassLoaderAwareGeneratorStrategy.generate(ClassLoaderAwareGeneratorStrategy.java:76) ~[spring-core-7.0.5.jar:7.0.5]
	at org.springframework.cglib.core.AbstractClassGenerator.generate(AbstractClassGenerator.java:370) ~[spring-core-7.0.5.jar:7.0.5]
	at org.springframework.cglib.proxy.Enhancer.generate(Enhancer.java:575) ~[spring-core-7.0.5.jar:7.0.5]
	at org.springframework.cglib.core.AbstractClassGenerator$ClassLoaderData.lambda$new$0(AbstractClassGenerator.java:107) ~[spring-core-7.0.5.jar:7.0.5]
	at org.springframework.cglib.core.internal.LoadingCache.lambda$createEntry$0(LoadingCache.java:52) ~[spring-core-7.0.5.jar:7.0.5]
	at java.base/java.util.concurrent.FutureTask.run(FutureTask.java:328) ~[na:na]
	at org.springframework.cglib.core.internal.LoadingCache.createEntry(LoadingCache.java:57) ~[spring-core-7.0.5.jar:7.0.5]
	... 20 common frames omitted
Caused by: java.lang.ClassNotFoundException: com.jobrixa.api.repository.UserRepository
	at java.base/jdk.internal.loader.BuiltinClassLoader.loadClass(BuiltinClassLoader.java:580) ~[na:na]
	at java.base/java.lang.ClassLoader.loadClass(ClassLoader.java:490) ~[na:na]
	... 34 common frames omitted

[INFO] ------------------------------------------------------------------------
[INFO] BUILD FAILURE
[INFO] ------------------------------------------------------------------------
[INFO] Total time:  5.718 s
[INFO] Finished at: 2026-03-07T00:17:42+05:30
[INFO] ------------------------------------------------------------------------
[ERROR] Failed to execute goal org.springframework.boot:spring-boot-maven-plugin:4.0.3:run (default-cli) on project jobrixa-api: Process terminated with exit code: 1 -> [Help 1]
[ERROR] 
[ERROR] To see the full stack trace of the errors, re-run Maven with the -e switch.
[ERROR] Re-run Maven using the -X switch to enable full debug logging.
[ERROR] 
[ERROR] For more information about the errors and possible solutions, please read the following articles:
[ERROR] [Help 1] http://cwiki.apache.org/confluence/display/MAVEN/MojoExecutionException
