[INFO] Scanning for projects...
[INFO] 
[INFO] ----------------------< com.jobrixa:jobrixa-api >-----------------------
[INFO] Building jobrixa-api 0.0.1-SNAPSHOT
[INFO]   from pom.xml
[INFO] --------------------------------[ jar ]---------------------------------
[INFO] 
[INFO] --- resources:3.3.1:resources (default-resources) @ jobrixa-api ---
[INFO] Copying 2 resources from src\main\resources to target\classes
[INFO] Copying 1 resource from src\main\resources to target\classes
[INFO] 
[INFO] --- compiler:3.14.1:compile (default-compile) @ jobrixa-api ---
[INFO] Recompiling the module because of added or removed source files.
[INFO] Compiling 27 source files with javac [debug parameters release 17] to target\classes
[INFO] /C:/Users/LENOVO/OneDrive/Desktop/Projects/Jobrixa/jobrixa-backend/src/main/java/com/jobrixa/api/security/JwtAuthFilter.java: C:\Users\LENOVO\OneDrive\Desktop\Projects\Jobrixa\jobrixa-backend\src\main\java\com\jobrixa\api\security\JwtAuthFilter.java uses or overrides a deprecated API.
[INFO] /C:/Users/LENOVO/OneDrive/Desktop/Projects/Jobrixa/jobrixa-backend/src/main/java/com/jobrixa/api/security/JwtAuthFilter.java: Recompile with -Xlint:deprecation for details.
[INFO] 
[INFO] >>> spring-boot:4.0.3:run (default-cli) > test-compile @ jobrixa-api >>>
[INFO] 
[INFO] --- resources:3.3.1:resources (default-resources) @ jobrixa-api ---
[INFO] Copying 2 resources from src\main\resources to target\classes
[INFO] Copying 1 resource from src\main\resources to target\classes
[INFO] 
[INFO] --- compiler:3.14.1:compile (default-compile) @ jobrixa-api ---
[INFO] Nothing to compile - all classes are up to date.
[INFO] 
[INFO] --- resources:3.3.1:testResources (default-testResources) @ jobrixa-api ---
[INFO] skip non existing resourceDirectory C:\Users\LENOVO\OneDrive\Desktop\Projects\Jobrixa\jobrixa-backend\src\test\resources
[INFO] 
[INFO] --- compiler:3.14.1:testCompile (default-testCompile) @ jobrixa-api ---
[INFO] Recompiling the module because of changed dependency.
[INFO] Compiling 1 source file with javac [debug parameters release 17] to target\test-classes
[INFO] 
[INFO] <<< spring-boot:4.0.3:run (default-cli) < test-compile @ jobrixa-api <<<
[INFO] 
[INFO] 
[INFO] --- spring-boot:4.0.3:run (default-cli) @ jobrixa-api ---
[INFO] Attaching agents: []

  .   ____          _            __ _ _
 /\\ / ___'_ __ _ _(_)_ __  __ _ \ \ \ \
( ( )\___ | '_ | '_| | '_ \/ _` | \ \ \ \
 \\/  ___)| |_)| | | | | || (_| |  ) ) ) )
  '  |____| .__|_| |_|_| |_\__, | / / / /
 =========|_|==============|___/=/_/_/_/

 :: Spring Boot ::                (v4.0.3)

2026-03-07T00:03:59.334+05:30  INFO 11532 --- [jobrixa-api] [           main] com.jobrixa.api.JobrixaApiApplication    : Starting JobrixaApiApplication using Java 24.0.1 with PID 11532 (C:\Users\LENOVO\OneDrive\Desktop\Projects\Jobrixa\jobrixa-backend\target\classes started by LENOVO in C:\Users\LENOVO\OneDrive\Desktop\Projects\Jobrixa\jobrixa-backend)
2026-03-07T00:03:59.336+05:30  INFO 11532 --- [jobrixa-api] [           main] com.jobrixa.api.JobrixaApiApplication    : No active profile set, falling back to 1 default profile: "default"
2026-03-07T00:03:59.918+05:30  INFO 11532 --- [jobrixa-api] [           main] .s.d.r.c.RepositoryConfigurationDelegate : Bootstrapping Spring Data JPA repositories in DEFAULT mode.
2026-03-07T00:03:59.973+05:30  INFO 11532 --- [jobrixa-api] [           main] .s.d.r.c.RepositoryConfigurationDelegate : Finished Spring Data repository scanning in 47 ms. Found 4 JPA repository interfaces.
2026-03-07T00:04:00.413+05:30  INFO 11532 --- [jobrixa-api] [           main] o.s.boot.tomcat.TomcatWebServer          : Tomcat initialized with port 8080 (http)
2026-03-07T00:04:00.424+05:30  INFO 11532 --- [jobrixa-api] [           main] o.apache.catalina.core.StandardService   : Starting service [Tomcat]
2026-03-07T00:04:00.424+05:30  INFO 11532 --- [jobrixa-api] [           main] o.apache.catalina.core.StandardEngine    : Starting Servlet engine: [Apache Tomcat/11.0.18]
2026-03-07T00:04:00.470+05:30  INFO 11532 --- [jobrixa-api] [           main] b.w.c.s.WebApplicationContextInitializer : Root WebApplicationContext: initialization completed in 1092 ms
2026-03-07T00:04:00.594+05:30  INFO 11532 --- [jobrixa-api] [           main] org.hibernate.orm.jpa                    : HHH008540: Processing PersistenceUnitInfo [name: default]
2026-03-07T00:04:00.631+05:30  INFO 11532 --- [jobrixa-api] [           main] org.hibernate.orm.core                   : HHH000001: Hibernate ORM core version 7.2.4.Final
2026-03-07T00:04:00.974+05:30  INFO 11532 --- [jobrixa-api] [           main] o.s.o.j.p.SpringPersistenceUnitInfo      : No LoadTimeWeaver setup: ignoring JPA class transformer
2026-03-07T00:04:00.999+05:30  INFO 11532 --- [jobrixa-api] [           main] com.zaxxer.hikari.HikariDataSource       : HikariPool-1 - Starting...
2026-03-07T00:04:01.124+05:30  INFO 11532 --- [jobrixa-api] [           main] com.zaxxer.hikari.pool.HikariPool        : HikariPool-1 - Added connection conn0: url=jdbc:h2:mem:jobrixa user=SA
2026-03-07T00:04:01.126+05:30  INFO 11532 --- [jobrixa-api] [           main] com.zaxxer.hikari.HikariDataSource       : HikariPool-1 - Start completed.
2026-03-07T00:04:01.144+05:30  WARN 11532 --- [jobrixa-api] [           main] org.hibernate.orm.deprecation            : HHH90000025: H2Dialect does not need to be specified explicitly using 'hibernate.dialect' (remove the property setting and it will be selected by default)
2026-03-07T00:04:01.171+05:30  INFO 11532 --- [jobrixa-api] [           main] org.hibernate.orm.connections.pooling    : HHH10001005: Database info:
	Database JDBC URL [jdbc:h2:mem:jobrixa]
	Database driver: H2 JDBC Driver
	Database dialect: H2Dialect
	Database version: 2.4.240
	Default catalog/schema: jobrixa/public
	Autocommit mode: undefined/unknown
	Isolation level: READ_COMMITTED [default READ_COMMITTED]
	JDBC fetch size: 100
	Pool: DataSourceConnectionProvider
	Minimum pool size: undefined/unknown
	Maximum pool size: undefined/unknown
2026-03-07T00:04:02.976+05:30  INFO 11532 --- [jobrixa-api] [           main] org.hibernate.orm.core                   : HHH000489: No JTA platform available (set 'hibernate.transaction.jta.platform' to enable JTA platform integration)
Hibernate: 
    create table application_events (
        id uuid not null,
        created_at timestamp(6),
        description TEXT not null,
        event_type varchar(50),
        new_value varchar(100),
        old_value varchar(100),
        application_id uuid not null,
        primary key (id)
    )
Hibernate: 
    create table companies (
        id uuid not null,
        domain varchar(255),
        industry varchar(100),
        linkedin_url varchar(500),
        logo_url varchar(500),
        name varchar(255) not null,
        trust_last_checked timestamp(6),
        trust_score smallint,
        primary key (id)
    )
Hibernate: 
    create table interview_stages (
        id uuid not null,
        created_at timestamp(6),
        duration_minutes integer,
        notes TEXT,
        questions_asked TEXT,
        result varchar(50),
        scheduled_at timestamp(6),
        stage_name varchar(100) not null,
        application_id uuid not null,
        primary key (id)
    )
Hibernate: 
    create table job_applications (
        id uuid not null,
        applied_at date,
        bond_details TEXT,
        company_name varchar(255) not null,
        created_at timestamp(6),
        has_bond_warning boolean not null,
        has_payment_warning boolean not null,
        is_remote boolean not null,
        job_description TEXT,
        job_title varchar(255) not null,
        job_url varchar(1000),
        location varchar(200),
        next_action_date date,
        priority varchar(20),
        salary_max integer,
        salary_min integer,
        source varchar(50),
        status varchar(50) not null,
        tags TEXT,
        trust_score smallint,
        updated_at timestamp(6),
        company_id uuid,
        resume_id uuid,
        user_id uuid not null,
        primary key (id)
    )
Hibernate: 
    create table notifications (
        id uuid not null,
        created_at timestamp(6),
        is_read boolean not null,
        message TEXT not null,
        scheduled_for timestamp(6),
        title varchar(255) not null,
        type varchar(50),
        application_id uuid,
        user_id uuid not null,
        primary key (id)
    )
Hibernate: 
    create table resumes (
        id uuid not null,
        created_at timestamp(6),
        file_url varchar(500) not null,
        label varchar(255) not null,
        version varchar(50),
        user_id uuid not null,
        primary key (id)
    )
Hibernate: 
    create table users (
        id uuid not null,
        avatar_url varchar(500),
        college varchar(200),
        created_at timestamp(6),
        email varchar(255) not null,
        gmail_connected boolean,
        graduation_year smallint,
        is_campus_mode boolean,
        is_email_verified boolean,
        linkedin_url varchar(500),
        name varchar(100) not null,
        password_hash varchar(255),
        target_ctc_max integer,
        target_ctc_min integer,
        updated_at timestamp(6),
        primary key (id)
    )
Hibernate: 
    alter table if exists companies 
       drop constraint if exists UK1w1wf2w8iqt26e4dpx1p3kep2
Hibernate: 
    alter table if exists companies 
       add constraint UK1w1wf2w8iqt26e4dpx1p3kep2 unique (domain)
Hibernate: 
    alter table if exists users 
       drop constraint if exists UK6dotkott2kjsp8vw4d0m25fb7
Hibernate: 
    alter table if exists users 
       add constraint UK6dotkott2kjsp8vw4d0m25fb7 unique (email)
Hibernate: 
    alter table if exists application_events 
       add constraint FK1fuxmfo1gbw3ij1kkilfvalls 
       foreign key (application_id) 
       references job_applications
Hibernate: 
    alter table if exists interview_stages 
       add constraint FKji1o9f0flkaw7strm6tfrldf5 
       foreign key (application_id) 
       references job_applications
Hibernate: 
    alter table if exists job_applications 
       add constraint FK9na8akp78w38mkoolybi83fui 
       foreign key (company_id) 
       references companies
Hibernate: 
    alter table if exists job_applications 
       add constraint FKk4viovdwx74ekora09ddcu3h2 
       foreign key (resume_id) 
       references resumes
Hibernate: 
    alter table if exists job_applications 
       add constraint FKqs2guhg7p83917vto86imuthy 
       foreign key (user_id) 
       references users
Hibernate: 
    alter table if exists notifications 
       add constraint FKiovcuw8y2y6um9wgenvl9hav3 
       foreign key (application_id) 
       references job_applications
Hibernate: 
    alter table if exists notifications 
       add constraint FK9y21adhxn0ayjhfocscqox7bh 
       foreign key (user_id) 
       references users
Hibernate: 
    alter table if exists resumes 
       add constraint FK340nuaivxiy99hslr3sdydfvv 
       foreign key (user_id) 
       references users
2026-03-07T00:04:03.163+05:30  INFO 11532 --- [jobrixa-api] [           main] j.LocalContainerEntityManagerFactoryBean : Initialized JPA EntityManagerFactory for persistence unit 'default'
2026-03-07T00:04:03.291+05:30  INFO 11532 --- [jobrixa-api] [           main] o.s.d.j.r.query.QueryEnhancerFactories   : Hibernate is in classpath; If applicable, HQL parser will be used.
2026-03-07T00:04:03.773+05:30  INFO 11532 --- [jobrixa-api] [           main] eAuthenticationProviderManagerConfigurer : Global AuthenticationManager configured with AuthenticationProvider bean with name authenticationProvider
2026-03-07T00:04:03.774+05:30  WARN 11532 --- [jobrixa-api] [           main] r$InitializeUserDetailsManagerConfigurer : Global AuthenticationManager configured with an AuthenticationProvider bean. UserDetailsService beans will not be used by Spring Security for automatically configuring username/password login. Consider removing the AuthenticationProvider bean. Alternatively, consider using the UserDetailsService in a manually instantiated DaoAuthenticationProvider. If the current configuration is intentional, to turn off this warning, increase the logging level of 'org.springframework.security.config.annotation.authentication.configuration.InitializeUserDetailsBeanManagerConfigurer' to ERROR
2026-03-07T00:04:05.144+05:30  INFO 11532 --- [jobrixa-api] [           main] o.s.boot.tomcat.TomcatWebServer          : Tomcat started on port 8080 (http) with context path '/'
2026-03-07T00:04:05.153+05:30  INFO 11532 --- [jobrixa-api] [           main] com.jobrixa.api.JobrixaApiApplication    : Started JobrixaApiApplication in 6.255 seconds (process running for 6.622)
2026-03-07T00:05:52.600+05:30  INFO 11532 --- [jobrixa-api] [nio-8080-exec-1] o.a.c.c.C.[Tomcat].[localhost].[/]       : Initializing Spring DispatcherServlet 'dispatcherServlet'
2026-03-07T00:05:52.600+05:30  INFO 11532 --- [jobrixa-api] [nio-8080-exec-1] o.s.web.servlet.DispatcherServlet        : Initializing Servlet 'dispatcherServlet'
2026-03-07T00:05:52.603+05:30  INFO 11532 --- [jobrixa-api] [nio-8080-exec-1] o.s.web.servlet.DispatcherServlet        : Completed initialization in 0 ms
2026-03-07T00:05:52.642+05:30  WARN 11532 --- [jobrixa-api] [nio-8080-exec-1] o.s.w.s.h.HandlerMappingIntrospector     : Cache miss for REQUEST dispatch to '/api/v1/auth/register' (previous null). Performing CorsConfiguration lookup. This is logged once only at WARN level, and every time at TRACE.
Hibernate: 
    insert 
    into
        users
        (avatar_url, college, created_at, email, gmail_connected, graduation_year, is_campus_mode, is_email_verified, linkedin_url, name, password_hash, target_ctc_max, target_ctc_min, updated_at, id) 
    values
        (?, ?, ?, ?, ?, ?, ?, ?, ?, ?, ?, ?, ?, ?, ?)
Hibernate: 
    select
        u1_0.id,
        u1_0.avatar_url,
        u1_0.college,
        u1_0.created_at,
        u1_0.email,
        u1_0.gmail_connected,
        u1_0.graduation_year,
        u1_0.is_campus_mode,
        u1_0.is_email_verified,
        u1_0.linkedin_url,
        u1_0.name,
        u1_0.password_hash,
        u1_0.target_ctc_max,
        u1_0.target_ctc_min,
        u1_0.updated_at 
    from
        users u1_0 
    where
        u1_0.email=?
Hibernate: 
    select
        u1_0.id,
        u1_0.avatar_url,
        u1_0.college,
        u1_0.created_at,
        u1_0.email,
        u1_0.gmail_connected,
        u1_0.graduation_year,
        u1_0.is_campus_mode,
        u1_0.is_email_verified,
        u1_0.linkedin_url,
        u1_0.name,
        u1_0.password_hash,
        u1_0.target_ctc_max,
        u1_0.target_ctc_min,
        u1_0.updated_at 
    from
        users u1_0 
    where
        u1_0.id=?
Hibernate: 
    select
        c1_0.id,
        c1_0.domain,
        c1_0.industry,
        c1_0.linkedin_url,
        c1_0.logo_url,
        c1_0.name,
        c1_0.trust_last_checked,
        c1_0.trust_score 
    from
        companies c1_0 
    where
        upper(c1_0.name)=upper(?)
Hibernate: 
    insert 
    into
        companies
        (domain, industry, linkedin_url, logo_url, name, trust_last_checked, trust_score, id) 
    values
        (?, ?, ?, ?, ?, ?, ?, ?)
Hibernate: 
    insert 
    into
        job_applications
        (applied_at, bond_details, company_id, company_name, created_at, has_bond_warning, has_payment_warning, is_remote, job_description, job_title, job_url, location, next_action_date, priority, resume_id, salary_max, salary_min, source, status, tags, trust_score, updated_at, user_id, id) 
    values
        (?, ?, ?, ?, ?, ?, ?, ?, ?, ?, ?, ?, ?, ?, ?, ?, ?, ?, ?, ?, ?, ?, ?, ?)
Hibernate: 
    insert 
    into
        application_events
        (application_id, created_at, description, event_type, new_value, old_value, id) 
    values
        (?, ?, ?, ?, ?, ?, ?)
Hibernate: 
    select
        u1_0.id,
        u1_0.avatar_url,
        u1_0.college,
        u1_0.created_at,
        u1_0.email,
        u1_0.gmail_connected,
        u1_0.graduation_year,
        u1_0.is_campus_mode,
        u1_0.is_email_verified,
        u1_0.linkedin_url,
        u1_0.name,
        u1_0.password_hash,
        u1_0.target_ctc_max,
        u1_0.target_ctc_min,
        u1_0.updated_at 
    from
        users u1_0 
    where
        u1_0.email=?
Hibernate: 
    select
        ja1_0.id,
        ja1_0.applied_at,
        ja1_0.bond_details,
        ja1_0.company_id,
        ja1_0.company_name,
        ja1_0.created_at,
        ja1_0.has_bond_warning,
        ja1_0.has_payment_warning,
        ja1_0.is_remote,
        ja1_0.job_description,
        ja1_0.job_title,
        ja1_0.job_url,
        ja1_0.location,
        ja1_0.next_action_date,
        ja1_0.priority,
        ja1_0.resume_id,
        ja1_0.salary_max,
        ja1_0.salary_min,
        ja1_0.source,
        ja1_0.status,
        ja1_0.tags,
        ja1_0.trust_score,
        ja1_0.updated_at,
        ja1_0.user_id 
    from
        job_applications ja1_0 
    where
        ja1_0.user_id=?
Hibernate: 
    select
        u1_0.id,
        u1_0.avatar_url,
        u1_0.college,
        u1_0.created_at,
        u1_0.email,
        u1_0.gmail_connected,
        u1_0.graduation_year,
        u1_0.is_campus_mode,
        u1_0.is_email_verified,
        u1_0.linkedin_url,
        u1_0.name,
        u1_0.password_hash,
        u1_0.target_ctc_max,
        u1_0.target_ctc_min,
        u1_0.updated_at 
    from
        users u1_0 
    where
        u1_0.email=?
Hibernate: 
    select
        ja1_0.id,
        ja1_0.applied_at,
        ja1_0.bond_details,
        ja1_0.company_id,
        ja1_0.company_name,
        ja1_0.created_at,
        ja1_0.has_bond_warning,
        ja1_0.has_payment_warning,
        ja1_0.is_remote,
        ja1_0.job_description,
        ja1_0.job_title,
        ja1_0.job_url,
        ja1_0.location,
        ja1_0.next_action_date,
        ja1_0.priority,
        ja1_0.resume_id,
        ja1_0.salary_max,
        ja1_0.salary_min,
        ja1_0.source,
        ja1_0.status,
        ja1_0.tags,
        ja1_0.trust_score,
        ja1_0.updated_at,
        ja1_0.user_id 
    from
        job_applications ja1_0 
    where
        ja1_0.id=?
Hibernate: 
    insert 
    into
        application_events
        (application_id, created_at, description, event_type, new_value, old_value, id) 
    values
        (?, ?, ?, ?, ?, ?, ?)
Hibernate: 
    update
        job_applications 
    set
        applied_at=?,
        bond_details=?,
        company_id=?,
        company_name=?,
        has_bond_warning=?,
        has_payment_warning=?,
        is_remote=?,
        job_description=?,
        job_title=?,
        job_url=?,
        location=?,
        next_action_date=?,
        priority=?,
        resume_id=?,
        salary_max=?,
        salary_min=?,
        source=?,
        status=?,
        tags=?,
        trust_score=?,
        updated_at=?,
        user_id=? 
    where
        id=?
Hibernate: 
    select
        u1_0.id,
        u1_0.avatar_url,
        u1_0.college,
        u1_0.created_at,
        u1_0.email,
        u1_0.gmail_connected,
        u1_0.graduation_year,
        u1_0.is_campus_mode,
        u1_0.is_email_verified,
        u1_0.linkedin_url,
        u1_0.name,
        u1_0.password_hash,
        u1_0.target_ctc_max,
        u1_0.target_ctc_min,
        u1_0.updated_at 
    from
        users u1_0 
    where
        u1_0.email=?
Hibernate: 
    select
        ja1_0.id,
        ja1_0.applied_at,
        ja1_0.bond_details,
        ja1_0.company_id,
        ja1_0.company_name,
        ja1_0.created_at,
        ja1_0.has_bond_warning,
        ja1_0.has_payment_warning,
        ja1_0.is_remote,
        ja1_0.job_description,
        ja1_0.job_title,
        ja1_0.job_url,
        ja1_0.location,
        ja1_0.next_action_date,
        ja1_0.priority,
        ja1_0.resume_id,
        ja1_0.salary_max,
        ja1_0.salary_min,
        ja1_0.source,
        ja1_0.status,
        ja1_0.tags,
        ja1_0.trust_score,
        ja1_0.updated_at,
        ja1_0.user_id 
    from
        job_applications ja1_0 
    where
        ja1_0.id=?
Hibernate: 
    select
        c1_0.id,
        c1_0.domain,
        c1_0.industry,
        c1_0.linkedin_url,
        c1_0.logo_url,
        c1_0.name,
        c1_0.trust_last_checked,
        c1_0.trust_score 
    from
        companies c1_0 
    where
        c1_0.id=?
Hibernate: 
    insert 
    into
        application_events
        (application_id, created_at, description, event_type, new_value, old_value, id) 
    values
        (?, ?, ?, ?, ?, ?, ?)
Hibernate: 
    update
        job_applications 
    set
        applied_at=?,
        bond_details=?,
        company_id=?,
        company_name=?,
        has_bond_warning=?,
        has_payment_warning=?,
        is_remote=?,
        job_description=?,
        job_title=?,
        job_url=?,
        location=?,
        next_action_date=?,
        priority=?,
        resume_id=?,
        salary_max=?,
        salary_min=?,
        source=?,
        status=?,
        tags=?,
        trust_score=?,
        updated_at=?,
        user_id=? 
    where
        id=?
Hibernate: 
    select
        u1_0.id,
        u1_0.avatar_url,
        u1_0.college,
        u1_0.created_at,
        u1_0.email,
        u1_0.gmail_connected,
        u1_0.graduation_year,
        u1_0.is_campus_mode,
        u1_0.is_email_verified,
        u1_0.linkedin_url,
        u1_0.name,
        u1_0.password_hash,
        u1_0.target_ctc_max,
        u1_0.target_ctc_min,
        u1_0.updated_at 
    from
        users u1_0 
    where
        u1_0.email=?
Hibernate: 
    select
        ja1_0.id,
        ja1_0.applied_at,
        ja1_0.bond_details,
        ja1_0.company_id,
        ja1_0.company_name,
        ja1_0.created_at,
        ja1_0.has_bond_warning,
        ja1_0.has_payment_warning,
        ja1_0.is_remote,
        ja1_0.job_description,
        ja1_0.job_title,
        ja1_0.job_url,
        ja1_0.location,
        ja1_0.next_action_date,
        ja1_0.priority,
        ja1_0.resume_id,
        ja1_0.salary_max,
        ja1_0.salary_min,
        ja1_0.source,
        ja1_0.status,
        ja1_0.tags,
        ja1_0.trust_score,
        ja1_0.updated_at,
        ja1_0.user_id 
    from
        job_applications ja1_0 
    where
        ja1_0.user_id=?
Hibernate: 
    select
        u1_0.id,
        u1_0.avatar_url,
        u1_0.college,
        u1_0.created_at,
        u1_0.email,
        u1_0.gmail_connected,
        u1_0.graduation_year,
        u1_0.is_campus_mode,
        u1_0.is_email_verified,
        u1_0.linkedin_url,
        u1_0.name,
        u1_0.password_hash,
        u1_0.target_ctc_max,
        u1_0.target_ctc_min,
        u1_0.updated_at 
    from
        users u1_0 
    where
        u1_0.email=?
Hibernate: 
    select
        ja1_0.id,
        ja1_0.applied_at,
        ja1_0.bond_details,
        ja1_0.company_id,
        ja1_0.company_name,
        ja1_0.created_at,
        ja1_0.has_bond_warning,
        ja1_0.has_payment_warning,
        ja1_0.is_remote,
        ja1_0.job_description,
        ja1_0.job_title,
        ja1_0.job_url,
        ja1_0.location,
        ja1_0.next_action_date,
        ja1_0.priority,
        ja1_0.resume_id,
        ja1_0.salary_max,
        ja1_0.salary_min,
        ja1_0.source,
        ja1_0.status,
        ja1_0.tags,
        ja1_0.trust_score,
        ja1_0.updated_at,
        ja1_0.user_id 
    from
        job_applications ja1_0 
    where
        ja1_0.id=?
Hibernate: 
    delete 
    from
        job_applications 
    where
        id=?
2026-03-07T00:05:54.847+05:30  WARN 11532 --- [jobrixa-api] [nio-8080-exec-7] org.hibernate.orm.jdbc.error             : HHH000247: ErrorCode: 23503, SQLState: 23503
2026-03-07T00:05:54.847+05:30  WARN 11532 --- [jobrixa-api] [nio-8080-exec-7] org.hibernate.orm.jdbc.error             : Referential integrity constraint violation: "fk1fuxmfo1gbw3ij1kkilfvalls: public.application_events FOREIGN KEY(application_id) REFERENCES public.job_applications(id) (UUID 'aa6f7706-56a0-4a96-82dd-f6f294e0d1c8')"; SQL statement:
delete from job_applications where id=? [23503-240]
2026-03-07T00:05:54.860+05:30 ERROR 11532 --- [jobrixa-api] [nio-8080-exec-7] o.a.c.c.C.[.[.[/].[dispatcherServlet]    : Servlet.service() for servlet [dispatcherServlet] in context with path [] threw exception [Request processing failed: org.springframework.dao.DataIntegrityViolationException: could not execute statement [Referential integrity constraint violation: "fk1fuxmfo1gbw3ij1kkilfvalls: public.application_events FOREIGN KEY(application_id) REFERENCES public.job_applications(id) (UUID 'aa6f7706-56a0-4a96-82dd-f6f294e0d1c8')"; SQL statement:
delete from job_applications where id=? [23503-240]] [delete from job_applications where id=?]; SQL [delete from job_applications where id=?]; constraint [fk1fuxmfo1gbw3ij1kkilfvalls]] with root cause

org.h2.jdbc.JdbcSQLIntegrityConstraintViolationException: Referential integrity constraint violation: "fk1fuxmfo1gbw3ij1kkilfvalls: public.application_events FOREIGN KEY(application_id) REFERENCES public.job_applications(id) (UUID 'aa6f7706-56a0-4a96-82dd-f6f294e0d1c8')"; SQL statement:
delete from job_applications where id=? [23503-240]
	at org.h2.message.DbException.getJdbcSQLException(DbException.java:520) ~[h2-2.4.240.jar:2.4.240]
	at org.h2.message.DbException.getJdbcSQLException(DbException.java:489) ~[h2-2.4.240.jar:2.4.240]
	at org.h2.message.DbException.get(DbException.java:223) ~[h2-2.4.240.jar:2.4.240]
	at org.h2.message.DbException.get(DbException.java:199) ~[h2-2.4.240.jar:2.4.240]
	at org.h2.constraint.ConstraintReferential.checkRow(ConstraintReferential.java:363) ~[h2-2.4.240.jar:2.4.240]
	at org.h2.constraint.ConstraintReferential.checkRowRefTable(ConstraintReferential.java:380) ~[h2-2.4.240.jar:2.4.240]
	at org.h2.constraint.ConstraintReferential.checkRow(ConstraintReferential.java:254) ~[h2-2.4.240.jar:2.4.240]
	at org.h2.table.Table.fireConstraints(Table.java:1208) ~[h2-2.4.240.jar:2.4.240]
	at org.h2.table.Table.fireAfterRow(Table.java:1226) ~[h2-2.4.240.jar:2.4.240]
	at org.h2.command.dml.Delete.update(Delete.java:81) ~[h2-2.4.240.jar:2.4.240]
	at org.h2.command.dml.DataChangeStatement.update(DataChangeStatement.java:77) ~[h2-2.4.240.jar:2.4.240]
	at org.h2.command.CommandContainer.update(CommandContainer.java:139) ~[h2-2.4.240.jar:2.4.240]
	at org.h2.command.Command.executeUpdate(Command.java:306) ~[h2-2.4.240.jar:2.4.240]
	at org.h2.command.Command.executeUpdate(Command.java:250) ~[h2-2.4.240.jar:2.4.240]
	at org.h2.jdbc.JdbcPreparedStatement.executeUpdateInternal(JdbcPreparedStatement.java:213) ~[h2-2.4.240.jar:2.4.240]
	at org.h2.jdbc.JdbcPreparedStatement.executeUpdate(JdbcPreparedStatement.java:172) ~[h2-2.4.240.jar:2.4.240]
	at com.zaxxer.hikari.pool.ProxyPreparedStatement.executeUpdate(ProxyPreparedStatement.java:61) ~[HikariCP-7.0.2.jar:na]
	at com.zaxxer.hikari.pool.HikariProxyPreparedStatement.executeUpdate(HikariProxyPreparedStatement.java) ~[HikariCP-7.0.2.jar:na]
	at org.hibernate.engine.jdbc.internal.ResultSetReturnImpl.executeUpdate(ResultSetReturnImpl.java:181) ~[hibernate-core-7.2.4.Final.jar:7.2.4.Final]
	at org.hibernate.engine.jdbc.mutation.internal.AbstractMutationExecutor.performNonBatchedMutation(AbstractMutationExecutor.java:145) ~[hibernate-core-7.2.4.Final.jar:7.2.4.Final]
	at org.hibernate.engine.jdbc.mutation.internal.MutationExecutorSingleNonBatched.performNonBatchedOperations(MutationExecutorSingleNonBatched.java:53) ~[hibernate-core-7.2.4.Final.jar:7.2.4.Final]
	at org.hibernate.engine.jdbc.mutation.internal.AbstractMutationExecutor.execute(AbstractMutationExecutor.java:66) ~[hibernate-core-7.2.4.Final.jar:7.2.4.Final]
	at org.hibernate.persister.entity.mutation.AbstractDeleteCoordinator.doStaticDelete(AbstractDeleteCoordinator.java:268) ~[hibernate-core-7.2.4.Final.jar:7.2.4.Final]
	at org.hibernate.persister.entity.mutation.AbstractDeleteCoordinator.delete(AbstractDeleteCoordinator.java:79) ~[hibernate-core-7.2.4.Final.jar:7.2.4.Final]
	at org.hibernate.action.internal.EntityDeleteAction.execute(EntityDeleteAction.java:119) ~[hibernate-core-7.2.4.Final.jar:7.2.4.Final]
	at org.hibernate.engine.spi.ActionQueue.executeActions(ActionQueue.java:634) ~[hibernate-core-7.2.4.Final.jar:7.2.4.Final]
	at org.hibernate.engine.spi.ActionQueue.executeActions(ActionQueue.java:505) ~[hibernate-core-7.2.4.Final.jar:7.2.4.Final]
	at org.hibernate.event.internal.AbstractFlushingEventListener.performExecutions(AbstractFlushingEventListener.java:381) ~[hibernate-core-7.2.4.Final.jar:7.2.4.Final]
	at org.hibernate.event.internal.DefaultFlushEventListener.onFlush(DefaultFlushEventListener.java:40) ~[hibernate-core-7.2.4.Final.jar:7.2.4.Final]
	at org.hibernate.event.service.internal.EventListenerGroupImpl.fireEventOnEachListener(EventListenerGroupImpl.java:138) ~[hibernate-core-7.2.4.Final.jar:7.2.4.Final]
	at org.hibernate.internal.SessionImpl.fireFlush(SessionImpl.java:1489) ~[hibernate-core-7.2.4.Final.jar:7.2.4.Final]
	at org.hibernate.internal.SessionImpl.managedFlush(SessionImpl.java:481) ~[hibernate-core-7.2.4.Final.jar:7.2.4.Final]
	at org.hibernate.internal.SessionImpl.flushBeforeTransactionCompletion(SessionImpl.java:2116) ~[hibernate-core-7.2.4.Final.jar:7.2.4.Final]
	at org.hibernate.internal.SessionImpl.beforeTransactionCompletion(SessionImpl.java:2038) ~[hibernate-core-7.2.4.Final.jar:7.2.4.Final]
	at org.hibernate.engine.jdbc.internal.JdbcCoordinatorImpl.beforeTransactionCompletion(JdbcCoordinatorImpl.java:410) ~[hibernate-core-7.2.4.Final.jar:7.2.4.Final]
	at org.hibernate.resource.transaction.backend.jdbc.internal.JdbcResourceLocalTransactionCoordinatorImpl.beforeCompletionCallback(JdbcResourceLocalTransactionCoordinatorImpl.java:166) ~[hibernate-core-7.2.4.Final.jar:7.2.4.Final]
	at org.hibernate.resource.transaction.backend.jdbc.internal.JdbcResourceLocalTransactionCoordinatorImpl$TransactionDriverControlImpl.commitNoRollbackOnly(JdbcResourceLocalTransactionCoordinatorImpl.java:248) ~[hibernate-core-7.2.4.Final.jar:7.2.4.Final]
	at org.hibernate.resource.transaction.backend.jdbc.internal.JdbcResourceLocalTransactionCoordinatorImpl$TransactionDriverControlImpl.commit(JdbcResourceLocalTransactionCoordinatorImpl.java:242) ~[hibernate-core-7.2.4.Final.jar:7.2.4.Final]
	at org.hibernate.engine.transaction.internal.TransactionImpl.commit(TransactionImpl.java:89) ~[hibernate-core-7.2.4.Final.jar:7.2.4.Final]
	at org.springframework.orm.jpa.JpaTransactionManager.doCommit(JpaTransactionManager.java:553) ~[spring-orm-7.0.5.jar:7.0.5]
	at org.springframework.transaction.support.AbstractPlatformTransactionManager.processCommit(AbstractPlatformTransactionManager.java:794) ~[spring-tx-7.0.5.jar:7.0.5]
	at org.springframework.transaction.support.AbstractPlatformTransactionManager.commit(AbstractPlatformTransactionManager.java:757) ~[spring-tx-7.0.5.jar:7.0.5]
	at org.springframework.transaction.interceptor.TransactionAspectSupport.commitTransactionAfterReturning(TransactionAspectSupport.java:687) ~[spring-tx-7.0.5.jar:7.0.5]
	at org.springframework.transaction.interceptor.TransactionAspectSupport.invokeWithinTransaction(TransactionAspectSupport.java:408) ~[spring-tx-7.0.5.jar:7.0.5]
	at org.springframework.transaction.interceptor.TransactionInterceptor.invoke(TransactionInterceptor.java:130) ~[spring-tx-7.0.5.jar:7.0.5]
	at org.springframework.aop.framework.ReflectiveMethodInvocation.proceed(ReflectiveMethodInvocation.java:179) ~[spring-aop-7.0.5.jar:7.0.5]
	at org.springframework.aop.framework.CglibAopProxy$DynamicAdvisedInterceptor.intercept(CglibAopProxy.java:719) ~[spring-aop-7.0.5.jar:7.0.5]
	at com.jobrixa.api.service.JobApplicationService$$SpringCGLIB$$0.deleteApplication(<generated>) ~[classes/:na]
	at com.jobrixa.api.controller.JobApplicationController.deleteApplication(JobApplicationController.java:61) ~[classes/:na]
	at java.base/jdk.internal.reflect.DirectMethodHandleAccessor.invoke(DirectMethodHandleAccessor.java:104) ~[na:na]
	at java.base/java.lang.reflect.Method.invoke(Method.java:565) ~[na:na]
	at org.springframework.web.method.support.InvocableHandlerMethod.doInvoke(InvocableHandlerMethod.java:252) ~[spring-web-7.0.5.jar:7.0.5]
	at org.springframework.web.method.support.InvocableHandlerMethod.invokeForRequest(InvocableHandlerMethod.java:184) ~[spring-web-7.0.5.jar:7.0.5]
	at org.springframework.web.servlet.mvc.method.annotation.ServletInvocableHandlerMethod.invokeAndHandle(ServletInvocableHandlerMethod.java:117) ~[spring-webmvc-7.0.5.jar:7.0.5]
	at org.springframework.web.servlet.mvc.method.annotation.RequestMappingHandlerAdapter.invokeHandlerMethod(RequestMappingHandlerAdapter.java:934) ~[spring-webmvc-7.0.5.jar:7.0.5]
	at org.springframework.web.servlet.mvc.method.annotation.RequestMappingHandlerAdapter.handleInternal(RequestMappingHandlerAdapter.java:853) ~[spring-webmvc-7.0.5.jar:7.0.5]
	at org.springframework.web.servlet.mvc.method.AbstractHandlerMethodAdapter.handle(AbstractHandlerMethodAdapter.java:86) ~[spring-webmvc-7.0.5.jar:7.0.5]
	at org.springframework.web.servlet.DispatcherServlet.doDispatch(DispatcherServlet.java:963) ~[spring-webmvc-7.0.5.jar:7.0.5]
	at org.springframework.web.servlet.DispatcherServlet.doService(DispatcherServlet.java:866) ~[spring-webmvc-7.0.5.jar:7.0.5]
	at org.springframework.web.servlet.FrameworkServlet.processRequest(FrameworkServlet.java:1000) ~[spring-webmvc-7.0.5.jar:7.0.5]
	at org.springframework.web.servlet.FrameworkServlet.doDelete(FrameworkServlet.java:925) ~[spring-webmvc-7.0.5.jar:7.0.5]
	at jakarta.servlet.http.HttpServlet.service(HttpServlet.java:651) ~[tomcat-embed-core-11.0.18.jar:6.1]
	at org.springframework.web.servlet.FrameworkServlet.service(FrameworkServlet.java:874) ~[spring-webmvc-7.0.5.jar:7.0.5]
	at jakarta.servlet.http.HttpServlet.service(HttpServlet.java:710) ~[tomcat-embed-core-11.0.18.jar:6.1]
	at org.apache.catalina.core.ApplicationFilterChain.doFilter(ApplicationFilterChain.java:128) ~[tomcat-embed-core-11.0.18.jar:11.0.18]
	at org.apache.tomcat.websocket.server.WsFilter.doFilter(WsFilter.java:53) ~[tomcat-embed-websocket-11.0.18.jar:11.0.18]
	at org.apache.catalina.core.ApplicationFilterChain.doFilter(ApplicationFilterChain.java:107) ~[tomcat-embed-core-11.0.18.jar:11.0.18]
	at org.springframework.web.filter.OncePerRequestFilter.doFilter(OncePerRequestFilter.java:110) ~[spring-web-7.0.5.jar:7.0.5]
	at org.apache.catalina.core.ApplicationFilterChain.doFilter(ApplicationFilterChain.java:107) ~[tomcat-embed-core-11.0.18.jar:11.0.18]
	at org.springframework.web.filter.CompositeFilter$VirtualFilterChain.doFilter(CompositeFilter.java:108) ~[spring-web-7.0.5.jar:7.0.5]
	at org.springframework.security.web.FilterChainProxy.lambda$doFilterInternal$3(FilterChainProxy.java:235) ~[spring-security-web-7.0.3.jar:7.0.3]
	at org.springframework.security.web.FilterChainProxy$VirtualFilterChain.doFilter(FilterChainProxy.java:371) ~[spring-security-web-7.0.3.jar:7.0.3]
	at org.springframework.security.web.access.intercept.AuthorizationFilter.doFilter(AuthorizationFilter.java:101) ~[spring-security-web-7.0.3.jar:7.0.3]
	at org.springframework.security.web.FilterChainProxy$VirtualFilterChain.doFilter(FilterChainProxy.java:380) ~[spring-security-web-7.0.3.jar:7.0.3]
	at org.springframework.security.web.access.ExceptionTranslationFilter.doFilter(ExceptionTranslationFilter.java:126) ~[spring-security-web-7.0.3.jar:7.0.3]
	at org.springframework.security.web.access.ExceptionTranslationFilter.doFilter(ExceptionTranslationFilter.java:120) ~[spring-security-web-7.0.3.jar:7.0.3]
	at org.springframework.security.web.FilterChainProxy$VirtualFilterChain.doFilter(FilterChainProxy.java:380) ~[spring-security-web-7.0.3.jar:7.0.3]
	at org.springframework.security.web.session.SessionManagementFilter.doFilter(SessionManagementFilter.java:132) ~[spring-security-web-7.0.3.jar:7.0.3]
	at org.springframework.security.web.session.SessionManagementFilter.doFilter(SessionManagementFilter.java:86) ~[spring-security-web-7.0.3.jar:7.0.3]
	at org.springframework.security.web.FilterChainProxy$VirtualFilterChain.doFilter(FilterChainProxy.java:380) ~[spring-security-web-7.0.3.jar:7.0.3]
	at org.springframework.security.web.authentication.AnonymousAuthenticationFilter.doFilter(AnonymousAuthenticationFilter.java:100) ~[spring-security-web-7.0.3.jar:7.0.3]
	at org.springframework.security.web.FilterChainProxy$VirtualFilterChain.doFilter(FilterChainProxy.java:380) ~[spring-security-web-7.0.3.jar:7.0.3]
	at org.springframework.security.web.servletapi.SecurityContextHolderAwareRequestFilter.doFilter(SecurityContextHolderAwareRequestFilter.java:181) ~[spring-security-web-7.0.3.jar:7.0.3]
	at org.springframework.security.web.FilterChainProxy$VirtualFilterChain.doFilter(FilterChainProxy.java:380) ~[spring-security-web-7.0.3.jar:7.0.3]
	at org.springframework.security.web.savedrequest.RequestCacheAwareFilter.doFilter(RequestCacheAwareFilter.java:63) ~[spring-security-web-7.0.3.jar:7.0.3]
	at org.springframework.security.web.FilterChainProxy$VirtualFilterChain.doFilter(FilterChainProxy.java:380) ~[spring-security-web-7.0.3.jar:7.0.3]
	at com.jobrixa.api.security.JwtAuthFilter.doFilterInternal(JwtAuthFilter.java:65) ~[classes/:na]
	at org.springframework.web.filter.OncePerRequestFilter.doFilter(OncePerRequestFilter.java:116) ~[spring-web-7.0.5.jar:7.0.5]
	at org.springframework.security.web.FilterChainProxy$VirtualFilterChain.doFilter(FilterChainProxy.java:380) ~[spring-security-web-7.0.3.jar:7.0.3]
	at org.springframework.security.web.authentication.logout.LogoutFilter.doFilter(LogoutFilter.java:110) ~[spring-security-web-7.0.3.jar:7.0.3]
	at org.springframework.security.web.authentication.logout.LogoutFilter.doFilter(LogoutFilter.java:96) ~[spring-security-web-7.0.3.jar:7.0.3]
	at org.springframework.security.web.FilterChainProxy$VirtualFilterChain.doFilter(FilterChainProxy.java:380) ~[spring-security-web-7.0.3.jar:7.0.3]
	at org.springframework.web.filter.CorsFilter.doFilterInternal(CorsFilter.java:91) ~[spring-web-7.0.5.jar:7.0.5]
	at org.springframework.web.filter.OncePerRequestFilter.doFilter(OncePerRequestFilter.java:116) ~[spring-web-7.0.5.jar:7.0.5]
	at org.springframework.security.web.FilterChainProxy$VirtualFilterChain.doFilter(FilterChainProxy.java:380) ~[spring-security-web-7.0.3.jar:7.0.3]
	at org.springframework.security.web.header.HeaderWriterFilter.doHeadersAfter(HeaderWriterFilter.java:90) ~[spring-security-web-7.0.3.jar:7.0.3]
	at org.springframework.security.web.header.HeaderWriterFilter.doFilterInternal(HeaderWriterFilter.java:75) ~[spring-security-web-7.0.3.jar:7.0.3]
	at org.springframework.web.filter.OncePerRequestFilter.doFilter(OncePerRequestFilter.java:116) ~[spring-web-7.0.5.jar:7.0.5]
	at org.springframework.security.web.FilterChainProxy$VirtualFilterChain.doFilter(FilterChainProxy.java:380) ~[spring-security-web-7.0.3.jar:7.0.3]
	at org.springframework.security.web.context.SecurityContextHolderFilter.doFilter(SecurityContextHolderFilter.java:82) ~[spring-security-web-7.0.3.jar:7.0.3]
	at org.springframework.security.web.context.SecurityContextHolderFilter.doFilter(SecurityContextHolderFilter.java:69) ~[spring-security-web-7.0.3.jar:7.0.3]
	at org.springframework.security.web.FilterChainProxy$VirtualFilterChain.doFilter(FilterChainProxy.java:380) ~[spring-security-web-7.0.3.jar:7.0.3]
	at org.springframework.security.web.context.request.async.WebAsyncManagerIntegrationFilter.doFilterInternal(WebAsyncManagerIntegrationFilter.java:62) ~[spring-security-web-7.0.3.jar:7.0.3]
	at org.springframework.web.filter.OncePerRequestFilter.doFilter(OncePerRequestFilter.java:116) ~[spring-web-7.0.5.jar:7.0.5]
	at org.springframework.security.web.FilterChainProxy$VirtualFilterChain.doFilter(FilterChainProxy.java:380) ~[spring-security-web-7.0.3.jar:7.0.3]
	at org.springframework.security.web.session.DisableEncodeUrlFilter.doFilterInternal(DisableEncodeUrlFilter.java:42) ~[spring-security-web-7.0.3.jar:7.0.3]
	at org.springframework.web.filter.OncePerRequestFilter.doFilter(OncePerRequestFilter.java:116) ~[spring-web-7.0.5.jar:7.0.5]
	at org.springframework.security.web.FilterChainProxy$VirtualFilterChain.doFilter(FilterChainProxy.java:380) ~[spring-security-web-7.0.3.jar:7.0.3]
	at org.springframework.security.web.FilterChainProxy.doFilterInternal(FilterChainProxy.java:237) ~[spring-security-web-7.0.3.jar:7.0.3]
	at org.springframework.security.web.FilterChainProxy.doFilter(FilterChainProxy.java:195) ~[spring-security-web-7.0.3.jar:7.0.3]
	at org.springframework.web.filter.CompositeFilter$VirtualFilterChain.doFilter(CompositeFilter.java:113) ~[spring-web-7.0.5.jar:7.0.5]
	at org.springframework.web.filter.ServletRequestPathFilter.doFilter(ServletRequestPathFilter.java:52) ~[spring-web-7.0.5.jar:7.0.5]
	at org.springframework.web.filter.CompositeFilter$VirtualFilterChain.doFilter(CompositeFilter.java:113) ~[spring-web-7.0.5.jar:7.0.5]
	at org.springframework.web.filter.CompositeFilter.doFilter(CompositeFilter.java:74) ~[spring-web-7.0.5.jar:7.0.5]
	at org.springframework.security.config.annotation.web.configuration.WebSecurityConfiguration$CompositeFilterChainProxy.doFilter(WebSecurityConfiguration.java:317) ~[spring-security-config-7.0.3.jar:7.0.3]
	at org.springframework.web.filter.DelegatingFilterProxy.invokeDelegate(DelegatingFilterProxy.java:355) ~[spring-web-7.0.5.jar:7.0.5]
	at org.springframework.web.filter.DelegatingFilterProxy.doFilter(DelegatingFilterProxy.java:272) ~[spring-web-7.0.5.jar:7.0.5]
	at org.apache.catalina.core.ApplicationFilterChain.doFilter(ApplicationFilterChain.java:107) ~[tomcat-embed-core-11.0.18.jar:11.0.18]
	at org.springframework.web.filter.RequestContextFilter.doFilterInternal(RequestContextFilter.java:100) ~[spring-web-7.0.5.jar:7.0.5]
	at org.springframework.web.filter.OncePerRequestFilter.doFilter(OncePerRequestFilter.java:116) ~[spring-web-7.0.5.jar:7.0.5]
	at org.apache.catalina.core.ApplicationFilterChain.doFilter(ApplicationFilterChain.java:107) ~[tomcat-embed-core-11.0.18.jar:11.0.18]
	at org.springframework.web.filter.FormContentFilter.doFilterInternal(FormContentFilter.java:93) ~[spring-web-7.0.5.jar:7.0.5]
	at org.springframework.web.filter.OncePerRequestFilter.doFilter(OncePerRequestFilter.java:116) ~[spring-web-7.0.5.jar:7.0.5]
	at org.apache.catalina.core.ApplicationFilterChain.doFilter(ApplicationFilterChain.java:107) ~[tomcat-embed-core-11.0.18.jar:11.0.18]
	at org.springframework.web.filter.CharacterEncodingFilter.doFilterInternal(CharacterEncodingFilter.java:199) ~[spring-web-7.0.5.jar:7.0.5]
	at org.springframework.web.filter.OncePerRequestFilter.doFilter(OncePerRequestFilter.java:116) ~[spring-web-7.0.5.jar:7.0.5]
	at org.apache.catalina.core.ApplicationFilterChain.doFilter(ApplicationFilterChain.java:107) ~[tomcat-embed-core-11.0.18.jar:11.0.18]
	at org.apache.catalina.core.StandardWrapperValve.invoke(StandardWrapperValve.java:165) ~[tomcat-embed-core-11.0.18.jar:11.0.18]
	at org.apache.catalina.core.StandardContextValve.invoke(StandardContextValve.java:77) ~[tomcat-embed-core-11.0.18.jar:11.0.18]
	at org.apache.catalina.authenticator.AuthenticatorBase.invoke(AuthenticatorBase.java:492) ~[tomcat-embed-core-11.0.18.jar:11.0.18]
	at org.apache.catalina.core.StandardHostValve.invoke(StandardHostValve.java:113) ~[tomcat-embed-core-11.0.18.jar:11.0.18]
	at org.apache.catalina.valves.ErrorReportValve.invoke(ErrorReportValve.java:83) ~[tomcat-embed-core-11.0.18.jar:11.0.18]
	at org.apache.catalina.core.StandardEngineValve.invoke(StandardEngineValve.java:72) ~[tomcat-embed-core-11.0.18.jar:11.0.18]
	at org.apache.catalina.connector.CoyoteAdapter.service(CoyoteAdapter.java:341) ~[tomcat-embed-core-11.0.18.jar:11.0.18]
	at org.apache.coyote.http11.Http11Processor.service(Http11Processor.java:397) ~[tomcat-embed-core-11.0.18.jar:11.0.18]
	at org.apache.coyote.AbstractProcessorLight.process(AbstractProcessorLight.java:63) ~[tomcat-embed-core-11.0.18.jar:11.0.18]
	at org.apache.coyote.AbstractProtocol$ConnectionHandler.process(AbstractProtocol.java:903) ~[tomcat-embed-core-11.0.18.jar:11.0.18]
	at org.apache.tomcat.util.net.NioEndpoint$SocketProcessor.doRun(NioEndpoint.java:1779) ~[tomcat-embed-core-11.0.18.jar:11.0.18]
	at org.apache.tomcat.util.net.SocketProcessorBase.run(SocketProcessorBase.java:52) ~[tomcat-embed-core-11.0.18.jar:11.0.18]
	at org.apache.tomcat.util.threads.ThreadPoolExecutor.runWorker(ThreadPoolExecutor.java:946) ~[tomcat-embed-core-11.0.18.jar:11.0.18]
	at org.apache.tomcat.util.threads.ThreadPoolExecutor$Worker.run(ThreadPoolExecutor.java:480) ~[tomcat-embed-core-11.0.18.jar:11.0.18]
	at org.apache.tomcat.util.threads.TaskThread$WrappingRunnable.run(TaskThread.java:57) ~[tomcat-embed-core-11.0.18.jar:11.0.18]
	at java.base/java.lang.Thread.run(Thread.java:1447) ~[na:na]

